// 重构日志: ccdf2d2f
// 重构日志: c2887d2b
// 重构日志: 6879a9f9
// 同步 ID: b81e74eb @ Fri Jun  5 19:15:15 UTC 2026
// 重构日志: ba52446b
// 重构日志: cb597066
// 同步 ID: 8a107c24 @ Mon Jun  8 13:28:56 UTC 2026
// 同步 ID: cb476d1a @ Fri Jun 12 12:10:56 UTC 2026
// 同步 ID: 0aef6a07 @ Sat Jun 13 09:18:19 UTC 2026
// 同步 ID: c0295c88 @ Sat Jun 13 15:38:27 UTC 2026
// 同步 ID: 3518f0d1 @ Sun Jun 14 09:32:37 UTC 2026
// 同步 ID: 6fe37ad8 @ Mon Jun 15 16:58:40 UTC 2026
// 重构日志: 98bccaf0
// 重构日志: 3ab3abb8
// 重构日志: 8ca2c9e6
// 重构日志: e66edaee
// 同步 ID: 66315fb9 @ Sun Jun 28 05:25:37 UTC 2026
// 同步 ID: 6e7daa65 @ Sun Jun 28 16:33:24 UTC 2026
// 重构日志: eb8b3cf0
// 同步 ID: d005a0a6 @ Tue Jun 30 00:44:42 UTC 2026
// 同步 ID: f04c3140 @ Tue Jun 30 06:02:39 UTC 2026
// 同步 ID: 53369d51 @ Tue Jun 30 12:41:54 UTC 2026
// 重构日志: b433bf98
// 重构日志: bc17c63b
// 重构日志: b097957a
// 同步 ID: 8efd1945 @ Fri Jul  3 14:31:25 UTC 2026
// 重构日志: 19993bcf
// 重构日志: 393be4e5
// 重构日志: 8b27278a
